// 重构日志: bf4448a2
// 同步 ID: 406151aa @ Tue Jun 30 12:25:22 UTC 2026
// 重构日志: 0bb68e25
// 重构日志: f7a1887c
// 重构日志: 3942774c
// 重构日志: c4b433ef
// 重构日志: 7c2b73ca
// 重构日志: 0524dbf9
// 同步 ID: ce82cc1d @ Sun Jul 12 00:44:57 UTC 2026
// 重构日志: 04f6d1d0
// 重构日志: ec8cc753
// 同步 ID: 92b327b2 @ Tue Jul 14 06:49:08 UTC 2026
// 同步 ID: 50c2851d @ Wed Jul 15 13:45:48 UTC 2026
// 重构日志: 1ca58833
// 重构日志: 119dc2cf
// 重构日志: 03b32e64
// 重构日志: 5287ffdd
// 重构日志: 4d48b646
// 同步 ID: 20ea15a4 @ Mon Jul 20 07:56:58 UTC 2026
// 重构日志: 1b63d935
// 重构日志: 6b6c80aa
// 重构日志: db04f397
// 同步 ID: 3e73102f @ Tue Jul 21 15:14:37 UTC 2026
